<?xml version="1.0" encoding="utf-8" standalone="no"?>
<!--This file represents the results of running a test suite-->
<test-results name="C:\Users\Rafael\Documents\Visual Studio 2012\Projects\DynamicBuilder\DynamicBuilder.Specification\DynamicBuilder.Specification.csproj" total="6" errors="6" failures="0" not-run="0" inconclusive="0" ignored="0" skipped="0" invalid="0" date="2013-02-07" time="23:12:49">
  <environment nunit-version="2.6.2.12296" clr-version="2.0.50727.6387" os-version="Microsoft Windows NT 6.2.9200.0" platform="Win32NT" cwd="C:\Users\Rafael\Documents\Visual Studio 2012\Projects\DynamicBuilder\DynamicBuilder.Specification" machine-name="WIN8RMR" user="Rafael" user-domain="WIN8RMR" />
  <culture-info current-culture="pt-BR" current-uiculture="pt-BR" />
  <test-suite type="Project" name="C:\Users\Rafael\Documents\Visual Studio 2012\Projects\DynamicBuilder\DynamicBuilder.Specification\DynamicBuilder.Specification.csproj" executed="True" result="Failure" success="False" time="0.970" asserts="0">
    <results>
      <test-suite type="Assembly" name="C:\Users\Rafael\Documents\Visual Studio 2012\Projects\DynamicBuilder\DynamicBuilder.Specification\bin\Debug\DynamicBuilder.Specification.dll" executed="True" result="Failure" success="False" time="0.954" asserts="0">
        <results>
          <test-suite type="Namespace" name="DynamicBuilder" executed="True" result="Failure" success="False" time="0.954" asserts="0">
            <results>
              <test-suite type="Namespace" name="Specification" executed="True" result="Failure" success="False" time="0.954" asserts="0">
                <results>
                  <test-suite type="Namespace" name="Features" executed="True" result="Failure" success="False" time="0.954" asserts="0">
                    <results>
                      <test-suite type="TestFixture" name="BuildAnObjectFeature" description="Build an object" executed="True" result="Failure" success="False" time="0.922" asserts="0">
                        <results>
                          <test-suite type="ParameterizedTest" name="BuildAnObject" description="Build an object" executed="True" result="Failure" success="False" time="0.266" asserts="0">
                            <categories>
                              <category name="building" />
                            </categories>
                            <results>
                              <test-case name="DynamicBuilder.Specification.Features.BuildAnObjectFeature.BuildAnObject(&quot;System.Object&quot;,null)" executed="True" result="Error" success="False" time="0.266" asserts="0">
                                <failure>
                                  <message><![CDATA[TechTalk.SpecFlow.BindingException : Ambiguous step definitions found for step 'Given I have an instance of the DynamicBuilder named builder': BuildAnObjectBaseStepDefinition.GivenIHaveAnInstanceOfTheDynamicBuilderNamedBuilder(), BuildAnObjectBaseStepDefinition.GivenIHaveAnInstanceOfTheDynamicBuilderNamedBuilder(), BuildAnObjectBaseStepDefinition.GivenIHaveAnInstanceOfTheDynamicBuilderNamedBuilder()]]></message>
                                  <stack-trace><![CDATA[em TechTalk.SpecFlow.Infrastructure.TestExecutionEngine.GetStepMatch(StepInstance stepInstance)
em TechTalk.SpecFlow.Infrastructure.TestExecutionEngine.ExecuteStep(StepInstance stepInstance)
em TechTalk.SpecFlow.Infrastructure.TestExecutionEngine.OnAfterLastStep()
em DynamicBuilder.Specification.Features.BuildAnObjectFeature.ScenarioCleanup() na c:\Users\Rafael\Documents\Visual Studio 2012\Projects\DynamicBuilder\DynamicBuilder.Specification\Features\BuildAnObject.feature.cs:linha 0
em DynamicBuilder.Specification.Features.BuildAnObjectFeature.BuildAnObject(String type, String[] exampleTags) na c:\Users\Rafael\Documents\Visual Studio 2012\Projects\DynamicBuilder\DynamicBuilder.Specification\Features\BuildAnObject.feature:linha 10
]]></stack-trace>
                                </failure>
                              </test-case>
                            </results>
                          </test-suite>
                          <test-suite type="ParameterizedTest" name="BuildTwoObjects" description="Build two objects" executed="True" result="Failure" success="False" time="0.016" asserts="0">
                            <categories>
                              <category name="building" />
                            </categories>
                            <results>
                              <test-case name="DynamicBuilder.Specification.Features.BuildAnObjectFeature.BuildTwoObjects(&quot;System.Object&quot;,null)" executed="True" result="Error" success="False" time="0.016" asserts="0">
                                <failure>
                                  <message><![CDATA[TechTalk.SpecFlow.BindingException : Ambiguous step definitions found for step 'Given I have an instance of the DynamicBuilder named builder': BuildAnObjectBaseStepDefinition.GivenIHaveAnInstanceOfTheDynamicBuilderNamedBuilder(), BuildAnObjectBaseStepDefinition.GivenIHaveAnInstanceOfTheDynamicBuilderNamedBuilder(), BuildAnObjectBaseStepDefinition.GivenIHaveAnInstanceOfTheDynamicBuilderNamedBuilder()]]></message>
                                  <stack-trace><![CDATA[em TechTalk.SpecFlow.Infrastructure.TestExecutionEngine.GetStepMatch(StepInstance stepInstance)
em TechTalk.SpecFlow.Infrastructure.TestExecutionEngine.ExecuteStep(StepInstance stepInstance)
em TechTalk.SpecFlow.Infrastructure.TestExecutionEngine.OnAfterLastStep()
em DynamicBuilder.Specification.Features.BuildAnObjectFeature.ScenarioCleanup() na c:\Users\Rafael\Documents\Visual Studio 2012\Projects\DynamicBuilder\DynamicBuilder.Specification\Features\BuildAnObject.feature.cs:linha 0
em DynamicBuilder.Specification.Features.BuildAnObjectFeature.BuildTwoObjects(String type, String[] exampleTags) na c:\Users\Rafael\Documents\Visual Studio 2012\Projects\DynamicBuilder\DynamicBuilder.Specification\Features\BuildAnObject.feature:linha 21
]]></stack-trace>
                                </failure>
                              </test-case>
                            </results>
                          </test-suite>
                        </results>
                      </test-suite>
                      <test-suite type="TestFixture" name="BuildAnObjectWithSomethingFeature" description="Build an object with something" executed="True" result="Failure" success="False" time="0.032" asserts="0">
                        <results>
                          <test-suite type="ParameterizedTest" name="BuildAnObjectWithSomething" description="Build an object with something" executed="True" result="Failure" success="False" time="0.017" asserts="0">
                            <categories>
                              <category name="building" />
                            </categories>
                            <results>
                              <test-case name="DynamicBuilder.Specification.Features.BuildAnObjectWithSomethingFeature.BuildAnObjectWithSomething(&quot;Report&quot;,&quot;Date&quot;,null)" executed="True" result="Error" success="False" time="0.000" asserts="0">
                                <failure>
                                  <message><![CDATA[TechTalk.SpecFlow.BindingException : Ambiguous step definitions found for step 'Given I have an instance of the DynamicBuilder named builder': BuildAnObjectBaseStepDefinition.GivenIHaveAnInstanceOfTheDynamicBuilderNamedBuilder(), BuildAnObjectBaseStepDefinition.GivenIHaveAnInstanceOfTheDynamicBuilderNamedBuilder(), BuildAnObjectBaseStepDefinition.GivenIHaveAnInstanceOfTheDynamicBuilderNamedBuilder()]]></message>
                                  <stack-trace><![CDATA[em TechTalk.SpecFlow.Infrastructure.TestExecutionEngine.GetStepMatch(StepInstance stepInstance)
em TechTalk.SpecFlow.Infrastructure.TestExecutionEngine.ExecuteStep(StepInstance stepInstance)
em TechTalk.SpecFlow.Infrastructure.TestExecutionEngine.OnAfterLastStep()
em DynamicBuilder.Specification.Features.BuildAnObjectWithSomethingFeature.ScenarioCleanup() na c:\Users\Rafael\Documents\Visual Studio 2012\Projects\DynamicBuilder\DynamicBuilder.Specification\Features\BuildAnObjectWithSomething.feature.cs:linha 0
em DynamicBuilder.Specification.Features.BuildAnObjectWithSomethingFeature.BuildAnObjectWithSomething(String type, String something, String[] exampleTags) na c:\Users\Rafael\Documents\Visual Studio 2012\Projects\DynamicBuilder\DynamicBuilder.Specification\Features\BuildAnObjectWithSomething.feature:linha 10
]]></stack-trace>
                                </failure>
                              </test-case>
                              <test-case name="DynamicBuilder.Specification.Features.BuildAnObjectWithSomethingFeature.BuildAnObjectWithSomething(&quot;Person&quot;,&quot;FirstName&quot;,null)" executed="True" result="Error" success="False" time="0.000" asserts="0">
                                <failure>
                                  <message><![CDATA[TechTalk.SpecFlow.BindingException : Ambiguous step definitions found for step 'Given I have an instance of the DynamicBuilder named builder': BuildAnObjectBaseStepDefinition.GivenIHaveAnInstanceOfTheDynamicBuilderNamedBuilder(), BuildAnObjectBaseStepDefinition.GivenIHaveAnInstanceOfTheDynamicBuilderNamedBuilder(), BuildAnObjectBaseStepDefinition.GivenIHaveAnInstanceOfTheDynamicBuilderNamedBuilder()]]></message>
                                  <stack-trace><![CDATA[em TechTalk.SpecFlow.Infrastructure.TestExecutionEngine.GetStepMatch(StepInstance stepInstance)
em TechTalk.SpecFlow.Infrastructure.TestExecutionEngine.ExecuteStep(StepInstance stepInstance)
em TechTalk.SpecFlow.Infrastructure.TestExecutionEngine.OnAfterLastStep()
em DynamicBuilder.Specification.Features.BuildAnObjectWithSomethingFeature.ScenarioCleanup() na c:\Users\Rafael\Documents\Visual Studio 2012\Projects\DynamicBuilder\DynamicBuilder.Specification\Features\BuildAnObjectWithSomething.feature.cs:linha 0
em DynamicBuilder.Specification.Features.BuildAnObjectWithSomethingFeature.BuildAnObjectWithSomething(String type, String something, String[] exampleTags) na c:\Users\Rafael\Documents\Visual Studio 2012\Projects\DynamicBuilder\DynamicBuilder.Specification\Features\BuildAnObjectWithSomething.feature:linha 10
]]></stack-trace>
                                </failure>
                              </test-case>
                              <test-case name="DynamicBuilder.Specification.Features.BuildAnObjectWithSomethingFeature.BuildAnObjectWithSomething(&quot;Person&quot;,&quot;LastName&quot;,null)" executed="True" result="Error" success="False" time="0.000" asserts="0">
                                <failure>
                                  <message><![CDATA[TechTalk.SpecFlow.BindingException : Ambiguous step definitions found for step 'Given I have an instance of the DynamicBuilder named builder': BuildAnObjectBaseStepDefinition.GivenIHaveAnInstanceOfTheDynamicBuilderNamedBuilder(), BuildAnObjectBaseStepDefinition.GivenIHaveAnInstanceOfTheDynamicBuilderNamedBuilder(), BuildAnObjectBaseStepDefinition.GivenIHaveAnInstanceOfTheDynamicBuilderNamedBuilder()]]></message>
                                  <stack-trace><![CDATA[em TechTalk.SpecFlow.Infrastructure.TestExecutionEngine.GetStepMatch(StepInstance stepInstance)
em TechTalk.SpecFlow.Infrastructure.TestExecutionEngine.ExecuteStep(StepInstance stepInstance)
em TechTalk.SpecFlow.Infrastructure.TestExecutionEngine.OnAfterLastStep()
em DynamicBuilder.Specification.Features.BuildAnObjectWithSomethingFeature.ScenarioCleanup() na c:\Users\Rafael\Documents\Visual Studio 2012\Projects\DynamicBuilder\DynamicBuilder.Specification\Features\BuildAnObjectWithSomething.feature.cs:linha 0
em DynamicBuilder.Specification.Features.BuildAnObjectWithSomethingFeature.BuildAnObjectWithSomething(String type, String something, String[] exampleTags) na c:\Users\Rafael\Documents\Visual Studio 2012\Projects\DynamicBuilder\DynamicBuilder.Specification\Features\BuildAnObjectWithSomething.feature:linha 10
]]></stack-trace>
                                </failure>
                              </test-case>
                              <test-case name="DynamicBuilder.Specification.Features.BuildAnObjectWithSomethingFeature.BuildAnObjectWithSomething(&quot;Report&quot;,&quot;Title&quot;,null)" executed="True" result="Error" success="False" time="0.000" asserts="0">
                                <failure>
                                  <message><![CDATA[TechTalk.SpecFlow.BindingException : Ambiguous step definitions found for step 'Given I have an instance of the DynamicBuilder named builder': BuildAnObjectBaseStepDefinition.GivenIHaveAnInstanceOfTheDynamicBuilderNamedBuilder(), BuildAnObjectBaseStepDefinition.GivenIHaveAnInstanceOfTheDynamicBuilderNamedBuilder(), BuildAnObjectBaseStepDefinition.GivenIHaveAnInstanceOfTheDynamicBuilderNamedBuilder()]]></message>
                                  <stack-trace><![CDATA[em TechTalk.SpecFlow.Infrastructure.TestExecutionEngine.GetStepMatch(StepInstance stepInstance)
em TechTalk.SpecFlow.Infrastructure.TestExecutionEngine.ExecuteStep(StepInstance stepInstance)
em TechTalk.SpecFlow.Infrastructure.TestExecutionEngine.OnAfterLastStep()
em DynamicBuilder.Specification.Features.BuildAnObjectWithSomethingFeature.ScenarioCleanup() na c:\Users\Rafael\Documents\Visual Studio 2012\Projects\DynamicBuilder\DynamicBuilder.Specification\Features\BuildAnObjectWithSomething.feature.cs:linha 0
em DynamicBuilder.Specification.Features.BuildAnObjectWithSomethingFeature.BuildAnObjectWithSomething(String type, String something, String[] exampleTags) na c:\Users\Rafael\Documents\Visual Studio 2012\Projects\DynamicBuilder\DynamicBuilder.Specification\Features\BuildAnObjectWithSomething.feature:linha 10
]]></stack-trace>
                                </failure>
                              </test-case>
                            </results>
                          </test-suite>
                        </results>
                      </test-suite>
                    </results>
                  </test-suite>
                </results>
              </test-suite>
            </results>
          </test-suite>
        </results>
      </test-suite>
    </results>
  </test-suite>
</test-results>