<?xml version="1.0" encoding="utf-8" standalone="no"?>
<!--This file represents the results of running a test suite-->
<test-results name="C:\Users\Rafael\documents\visual studio 2012\Projects\DynamicBuilder\DynamicBuilder.Specification\DynamicBuilder.Specification.csproj" total="10" errors="2" failures="0" not-run="0" inconclusive="0" ignored="0" skipped="0" invalid="0" date="2013-02-13" time="21:44:16">
  <environment nunit-version="2.6.2.12296" clr-version="2.0.50727.6400" os-version="Microsoft Windows NT 6.2.9200.0" platform="Win32NT" cwd="C:\Users\Rafael\documents\visual studio 2012\Projects\DynamicBuilder\DynamicBuilder.Specification" machine-name="WIN8RMR" user="Rafael" user-domain="WIN8RMR" />
  <culture-info current-culture="pt-BR" current-uiculture="pt-BR" />
  <test-suite type="Project" name="C:\Users\Rafael\documents\visual studio 2012\Projects\DynamicBuilder\DynamicBuilder.Specification\DynamicBuilder.Specification.csproj" executed="True" result="Failure" success="False" time="2.218" asserts="0">
    <results>
      <test-suite type="Assembly" name="C:\Users\Rafael\documents\visual studio 2012\Projects\DynamicBuilder\DynamicBuilder.Specification\bin\Debug\DynamicBuilder.Specification.dll" executed="True" result="Failure" success="False" time="2.195" asserts="0">
        <results>
          <test-suite type="Namespace" name="DynamicBuilder" executed="True" result="Failure" success="False" time="2.195" asserts="0">
            <results>
              <test-suite type="Namespace" name="Specification" executed="True" result="Failure" success="False" time="2.194" asserts="0">
                <results>
                  <test-suite type="Namespace" name="Features" executed="True" result="Failure" success="False" time="2.194" asserts="0">
                    <results>
                      <test-suite type="TestFixture" name="BuildAnObjectFeature" description="Build an object" executed="True" result="Success" success="True" time="1.905" asserts="0">
                        <results>
                          <test-suite type="ParameterizedTest" name="BuildAnObject" description="Build an object" executed="True" result="Success" success="True" time="1.406" asserts="0">
                            <categories>
                              <category name="building" />
                            </categories>
                            <results>
                              <test-case name="DynamicBuilder.Specification.Features.BuildAnObjectFeature.BuildAnObject(&quot;AnObject&quot;,null)" executed="True" result="Success" success="True" time="1.384" asserts="0" />
                              <test-case name="DynamicBuilder.Specification.Features.BuildAnObjectFeature.BuildAnObject(&quot;AThing&quot;,null)" executed="True" result="Success" success="True" time="0.007" asserts="0" />
                            </results>
                          </test-suite>
                          <test-suite type="ParameterizedTest" name="BuildTwoObjects" description="Build two objects" executed="True" result="Success" success="True" time="0.015" asserts="0">
                            <categories>
                              <category name="building" />
                            </categories>
                            <results>
                              <test-case name="DynamicBuilder.Specification.Features.BuildAnObjectFeature.BuildTwoObjects(&quot;AThing&quot;,null)" executed="True" result="Success" success="True" time="0.008" asserts="0" />
                              <test-case name="DynamicBuilder.Specification.Features.BuildAnObjectFeature.BuildTwoObjects(&quot;AnObject&quot;,null)" executed="True" result="Success" success="True" time="0.005" asserts="0" />
                            </results>
                          </test-suite>
                        </results>
                      </test-suite>
                      <test-suite type="TestFixture" name="BuildAnObjectWithSomethingAndSomethingElseFeature" description="Build an object with something and something else" executed="True" result="Failure" success="False" time="0.217" asserts="0">
                        <results>
                          <test-suite type="ParameterizedTest" name="BuildAnObjectWithSomethingAndSomethingElse" description="Build an object with something and something else" executed="True" result="Failure" success="False" time="0.215" asserts="0">
                            <categories>
                              <category name="building" />
                            </categories>
                            <results>
                              <test-case name="DynamicBuilder.Specification.Features.BuildAnObjectWithSomethingAndSomethingElseFeature.BuildAnObjectWithSomethingAndSomethingElse(&quot;Person&quot;,&quot;FirstName&quot;,&quot;LastName&quot;,null)" executed="True" result="Error" success="False" time="0.192" asserts="0">
                                <failure>
                                  <message><![CDATA[Microsoft.CSharp.RuntimeBinder.RuntimeBinderException : Não é possível fazer associação em tempo de execução em uma referência nula]]></message>
                                  <stack-trace><![CDATA[em CallSite.Target(Closure , CallSite , Object , DateTime )
em System.Dynamic.UpdateDelegates.UpdateAndExecute2[T0,T1,TRet](CallSite site, T0 arg0, T1 arg1)
em DynamicBuilder.Specification.Steps.BuildAnObjectWithSomethingAndSomethingElseStepDefinition.WhenIRequestThisBuilderToGiveMeAnotherBuilderForAnInstanceOfTypePersonWithLastName() na c:\Users\Rafael\Documents\Visual Studio 2012\Projects\DynamicBuilder\DynamicBuilder.Specification\Steps\BuildAnObjectWithSomethingAndSomethingElseStepDefinition.cs:linha 54
em TechTalk.SpecFlow.Bindings.BindingInvoker.InvokeBinding(IBinding binding, IContextManager contextManager, Object[] arguments, ITestTracer testTracer, TimeSpan& duration)
em TechTalk.SpecFlow.Infrastructure.TestExecutionEngine.ExecuteStepMatch(BindingMatch match, Object[] arguments)
em TechTalk.SpecFlow.Infrastructure.TestExecutionEngine.ExecuteStep(StepInstance stepInstance)
em TechTalk.SpecFlow.Infrastructure.TestExecutionEngine.OnAfterLastStep()
em DynamicBuilder.Specification.Features.BuildAnObjectWithSomethingAndSomethingElseFeature.ScenarioCleanup() na c:\Users\Rafael\Documents\Visual Studio 2012\Projects\DynamicBuilder\DynamicBuilder.Specification\Features\BuildAnObjectWithSomethingAndSomethingElse.feature.cs:linha 0
em DynamicBuilder.Specification.Features.BuildAnObjectWithSomethingAndSomethingElseFeature.BuildAnObjectWithSomethingAndSomethingElse(String type, String something, String somethingElse, String[] exampleTags) na c:\Users\Rafael\Documents\Visual Studio 2012\Projects\DynamicBuilder\DynamicBuilder.Specification\Features\BuildAnObjectWithSomethingAndSomethingElse.feature:linha 11
]]></stack-trace>
                                </failure>
                              </test-case>
                              <test-case name="DynamicBuilder.Specification.Features.BuildAnObjectWithSomethingAndSomethingElseFeature.BuildAnObjectWithSomethingAndSomethingElse(&quot;Report&quot;,&quot;Title&quot;,&quot;Date&quot;,null)" executed="True" result="Error" success="False" time="0.009" asserts="0">
                                <failure>
                                  <message><![CDATA[Microsoft.CSharp.RuntimeBinder.RuntimeBinderException : Não é possível fazer associação em tempo de execução em uma referência nula]]></message>
                                  <stack-trace><![CDATA[em CallSite.Target(Closure , CallSite , Object , String )
em System.Dynamic.UpdateDelegates.UpdateAndExecute2[T0,T1,TRet](CallSite site, T0 arg0, T1 arg1)
em DynamicBuilder.Specification.Steps.BuildAnObjectWithSomethingAndSomethingElseStepDefinition.WhenIRequestThisBuilderToGiveMeAnotherBuilderForAnInstanceOfTypeReportWithDate() na c:\Users\Rafael\Documents\Visual Studio 2012\Projects\DynamicBuilder\DynamicBuilder.Specification\Steps\BuildAnObjectWithSomethingAndSomethingElseStepDefinition.cs:linha 48
em TechTalk.SpecFlow.Bindings.BindingInvoker.InvokeBinding(IBinding binding, IContextManager contextManager, Object[] arguments, ITestTracer testTracer, TimeSpan& duration)
em TechTalk.SpecFlow.Infrastructure.TestExecutionEngine.ExecuteStepMatch(BindingMatch match, Object[] arguments)
em TechTalk.SpecFlow.Infrastructure.TestExecutionEngine.ExecuteStep(StepInstance stepInstance)
em TechTalk.SpecFlow.Infrastructure.TestExecutionEngine.OnAfterLastStep()
em DynamicBuilder.Specification.Features.BuildAnObjectWithSomethingAndSomethingElseFeature.ScenarioCleanup() na c:\Users\Rafael\Documents\Visual Studio 2012\Projects\DynamicBuilder\DynamicBuilder.Specification\Features\BuildAnObjectWithSomethingAndSomethingElse.feature.cs:linha 0
em DynamicBuilder.Specification.Features.BuildAnObjectWithSomethingAndSomethingElseFeature.BuildAnObjectWithSomethingAndSomethingElse(String type, String something, String somethingElse, String[] exampleTags) na c:\Users\Rafael\Documents\Visual Studio 2012\Projects\DynamicBuilder\DynamicBuilder.Specification\Features\BuildAnObjectWithSomethingAndSomethingElse.feature:linha 11
]]></stack-trace>
                                </failure>
                              </test-case>
                            </results>
                          </test-suite>
                        </results>
                      </test-suite>
                      <test-suite type="TestFixture" name="BuildAnObjectWithSomethingFeature" description="Build an object with something" executed="True" result="Success" success="True" time="0.056" asserts="0">
                        <results>
                          <test-suite type="ParameterizedTest" name="BuildAnObjectWithSomething" description="Build an object with something" executed="True" result="Success" success="True" time="0.054" asserts="0">
                            <categories>
                              <category name="building" />
                            </categories>
                            <results>
                              <test-case name="DynamicBuilder.Specification.Features.BuildAnObjectWithSomethingFeature.BuildAnObjectWithSomething(&quot;Report&quot;,&quot;Title&quot;,null)" executed="True" result="Success" success="True" time="0.022" asserts="0" />
                              <test-case name="DynamicBuilder.Specification.Features.BuildAnObjectWithSomethingFeature.BuildAnObjectWithSomething(&quot;Report&quot;,&quot;Date&quot;,null)" executed="True" result="Success" success="True" time="0.011" asserts="0" />
                              <test-case name="DynamicBuilder.Specification.Features.BuildAnObjectWithSomethingFeature.BuildAnObjectWithSomething(&quot;Person&quot;,&quot;FirstName&quot;,null)" executed="True" result="Success" success="True" time="0.008" asserts="0" />
                              <test-case name="DynamicBuilder.Specification.Features.BuildAnObjectWithSomethingFeature.BuildAnObjectWithSomething(&quot;Person&quot;,&quot;LastName&quot;,null)" executed="True" result="Success" success="True" time="0.008" asserts="0" />
                            </results>
                          </test-suite>
                        </results>
                      </test-suite>
                    </results>
                  </test-suite>
                </results>
              </test-suite>
            </results>
          </test-suite>
        </results>
      </test-suite>
    </results>
  </test-suite>
</test-results>