<?xml version="1.0" encoding="utf-8" standalone="no"?>
<!--This file represents the results of running a test suite-->
<test-results name="C:\Users\Rafael\Documents\Visual Studio 2012\Projects\DynamicBuilder\DynamicBuilder.Specification\DynamicBuilder.Specification.nunit" total="10" errors="0" failures="0" not-run="0" inconclusive="0" ignored="0" skipped="0" invalid="0" date="2013-03-14" time="10:43:28">
  <environment nunit-version="2.6.2.12296" clr-version="2.0.50727.6400" os-version="Microsoft Windows NT 6.2.9200.0" platform="Win32NT" cwd="C:\Users\Rafael\Documents\Visual Studio 2012\Projects\DynamicBuilder\packages\NUnit.2.6.2" machine-name="WIN8RMR" user="Rafael" user-domain="WIN8RMR" />
  <culture-info current-culture="pt-BR" current-uiculture="pt-BR" />
  <test-suite type="Project" name="C:\Users\Rafael\Documents\Visual Studio 2012\Projects\DynamicBuilder\DynamicBuilder.Specification\DynamicBuilder.Specification.nunit" executed="True" result="Success" success="True" time="0.219" asserts="0">
    <results>
      <test-suite type="Assembly" name="C:\Users\Rafael\Documents\Visual Studio 2012\Projects\DynamicBuilder\DynamicBuilder.Specification\bin\Debug\DynamicBuilder.Specification.dll" executed="True" result="Success" success="True" time="0.219" asserts="0">
        <results>
          <test-suite type="Namespace" name="DynamicBuilder" executed="True" result="Success" success="True" time="0.219" asserts="0">
            <results>
              <test-suite type="Namespace" name="Specification" executed="True" result="Success" success="True" time="0.219" asserts="0">
                <results>
                  <test-suite type="Namespace" name="Features" executed="True" result="Success" success="True" time="0.219" asserts="0">
                    <results>
                      <test-suite type="TestFixture" name="BuildAnObjectFeature" description="Build an object" executed="True" result="Success" success="True" time="0.062" asserts="0">
                        <results>
                          <test-suite type="ParameterizedTest" name="BuildAnObject" description="Build an object" executed="True" result="Success" success="True" time="0.016" asserts="0">
                            <categories>
                              <category name="building" />
                            </categories>
                            <results>
                              <test-case name="DynamicBuilder.Specification.Features.BuildAnObjectFeature.BuildAnObject(&quot;AnObject&quot;,null)" executed="True" result="Success" success="True" time="0.016" asserts="0" />
                              <test-case name="DynamicBuilder.Specification.Features.BuildAnObjectFeature.BuildAnObject(&quot;AThing&quot;,null)" executed="True" result="Success" success="True" time="0.000" asserts="0" />
                            </results>
                          </test-suite>
                          <test-suite type="ParameterizedTest" name="BuildTwoObjects" description="Build two objects" executed="True" result="Success" success="True" time="0.016" asserts="0">
                            <categories>
                              <category name="building" />
                            </categories>
                            <results>
                              <test-case name="DynamicBuilder.Specification.Features.BuildAnObjectFeature.BuildTwoObjects(&quot;AThing&quot;,null)" executed="True" result="Success" success="True" time="0.000" asserts="0" />
                              <test-case name="DynamicBuilder.Specification.Features.BuildAnObjectFeature.BuildTwoObjects(&quot;AnObject&quot;,null)" executed="True" result="Success" success="True" time="0.000" asserts="0" />
                            </results>
                          </test-suite>
                        </results>
                      </test-suite>
                      <test-suite type="TestFixture" name="BuildAnObjectWithSomethingAndSomethingElseFeature" description="Build an object with something and something else" executed="True" result="Success" success="True" time="0.047" asserts="0">
                        <results>
                          <test-suite type="ParameterizedTest" name="BuildAnObjectWithSomethingAndSomethingElse" description="Build an object with something and something else" executed="True" result="Success" success="True" time="0.047" asserts="0">
                            <categories>
                              <category name="building" />
                            </categories>
                            <results>
                              <test-case name="DynamicBuilder.Specification.Features.BuildAnObjectWithSomethingAndSomethingElseFeature.BuildAnObjectWithSomethingAndSomethingElse(&quot;Person&quot;,&quot;FirstName&quot;,&quot;LastName&quot;,null)" executed="True" result="Success" success="True" time="0.000" asserts="0" />
                              <test-case name="DynamicBuilder.Specification.Features.BuildAnObjectWithSomethingAndSomethingElseFeature.BuildAnObjectWithSomethingAndSomethingElse(&quot;Report&quot;,&quot;Title&quot;,&quot;Date&quot;,null)" executed="True" result="Success" success="True" time="0.031" asserts="0" />
                            </results>
                          </test-suite>
                        </results>
                      </test-suite>
                      <test-suite type="TestFixture" name="BuildAnObjectWithSomethingFeature" description="Build an object with something" executed="True" result="Success" success="True" time="0.094" asserts="0">
                        <results>
                          <test-suite type="ParameterizedTest" name="BuildAnObjectWithSomething" description="Build an object with something" executed="True" result="Success" success="True" time="0.094" asserts="0">
                            <categories>
                              <category name="building" />
                            </categories>
                            <results>
                              <test-case name="DynamicBuilder.Specification.Features.BuildAnObjectWithSomethingFeature.BuildAnObjectWithSomething(&quot;Report&quot;,&quot;Title&quot;,null)" executed="True" result="Success" success="True" time="0.000" asserts="0" />
                              <test-case name="DynamicBuilder.Specification.Features.BuildAnObjectWithSomethingFeature.BuildAnObjectWithSomething(&quot;Report&quot;,&quot;Date&quot;,null)" executed="True" result="Success" success="True" time="0.000" asserts="0" />
                              <test-case name="DynamicBuilder.Specification.Features.BuildAnObjectWithSomethingFeature.BuildAnObjectWithSomething(&quot;Person&quot;,&quot;FirstName&quot;,null)" executed="True" result="Success" success="True" time="0.000" asserts="0" />
                              <test-case name="DynamicBuilder.Specification.Features.BuildAnObjectWithSomethingFeature.BuildAnObjectWithSomething(&quot;Person&quot;,&quot;LastName&quot;,null)" executed="True" result="Success" success="True" time="0.015" asserts="0" />
                            </results>
                          </test-suite>
                        </results>
                      </test-suite>
                    </results>
                  </test-suite>
                </results>
              </test-suite>
            </results>
          </test-suite>
        </results>
      </test-suite>
    </results>
  </test-suite>
</test-results>