<?xml version="1.0" encoding="utf-8" standalone="no"?>
<!--This file represents the results of running a test suite-->
<test-results name="C:\Users\Rafael\Documents\Visual Studio 2012\Projects\DynamicBuilder\DynamicBuilder\DynamicBuilder.csproj" total="0" errors="0" failures="0" not-run="0" inconclusive="0" ignored="0" skipped="0" invalid="0" date="2013-02-10" time="20:25:50">
  <environment nunit-version="2.6.2.12296" clr-version="2.0.50727.6387" os-version="Microsoft Windows NT 6.2.9200.0" platform="Win32NT" cwd="C:\Users\Rafael\Documents\Visual Studio 2012\Projects\DynamicBuilder\DynamicBuilder" machine-name="WIN8RMR" user="Rafael" user-domain="WIN8RMR" />
  <culture-info current-culture="pt-BR" current-uiculture="pt-BR" />
  <test-suite type="Project" name="C:\Users\Rafael\Documents\Visual Studio 2012\Projects\DynamicBuilder\DynamicBuilder\DynamicBuilder.csproj" executed="True" result="Inconclusive" success="False" time="0.031" asserts="0">
    <results>
      <test-suite type="Assembly" name="C:\Users\Rafael\Documents\Visual Studio 2012\Projects\DynamicBuilder\DynamicBuilder\bin\Debug\DynamicBuilder.dll" executed="True" result="Inconclusive" success="False" time="0.000" asserts="0" />
    </results>
  </test-suite>
</test-results>